<?xml version="1.0" encoding="UTF-8"?>
<!-- Generated by org.testng.reporters.JUnitXMLReporter -->
<testsuite ignored="0" hostname="LIN-C57ZKQ3" failures="1" tests="3" name="Default test" time="13.414" errors="0" timestamp="2024-08-31T14:45:57 IST">
  <testcase classname="io.cucumber.testng.AbstractTestNGCucumberTests" name="runScenario" time="5.679">
    <failure type="java.lang.AssertionError" message="expected [null] but found []">
      <![CDATA[java.lang.AssertionError: expected [null] but found []
at org.testng.Assert.fail(Assert.java:111)
at org.testng.Assert.failNotEquals(Assert.java:1578)
at org.testng.Assert.assertEqualsImpl(Assert.java:150)
at org.testng.Assert.assertEquals(Assert.java:132)
at org.testng.Assert.assertEquals(Assert.java:656)
at org.testng.Assert.assertEquals(Assert.java:666)
at stepDefinitions.QAClickJet.the_selected_country_should_be_displayed_in_the_field(QAClickJet.java:61)
at ✽.the selected country should be displayed in the field.(file:///C:/Airlines/src/test/java/featureFiles/flight.feature:7)
]]>
    </failure>
  </testcase> <!-- runScenario -->
  <testcase classname="io.cucumber.testng.AbstractTestNGCucumberTests" name="runScenario" time="3.44"/>
  <testcase classname="io.cucumber.testng.AbstractTestNGCucumberTests" name="runScenario" time="3.686"/>
</testsuite> <!-- Default test -->
